Using pre-set license
Built from '2020.3/staging' branch; Version is '2020.3.26f1 (7298b473bc1a) revision 7510196'; Using compiler version '192528614'; Build Type 'Release'
OS: 'Windows 10  (10.0.19042) 64bit Core' Language: 'fr' Physical Memory: 16234 MB
BatchMode: 1, IsHumanControllingUs: 0, StartBugReporterOnCrash: 0, Is64bit: 1, IsPro: 0

COMMAND LINE ARGUMENTS:
C:\Program Files\Unity\Hub\Editor\2020.3.26f1\Editor\Unity.exe
-adb2
-batchMode
-noUpm
-name
AssetImportWorker0
-projectPath
C:/Users/fouil/Documents/Unity Projects/GGJ_2022_Game
-logFile
Logs/AssetImportWorker0.log
-srvPort
63380
Successfully changed project path to: C:/Users/fouil/Documents/Unity Projects/GGJ_2022_Game
C:/Users/fouil/Documents/Unity Projects/GGJ_2022_Game
Using Asset Import Pipeline V2.
Refreshing native plugins compatible for Editor in 206.50 ms, found 3 plugins.
Preloading 0 native plugins for Editor in 0.00 ms.
Initialize engine version: 2020.3.26f1 (7298b473bc1a)
[Subsystems] Discovering subsystems at path C:/Program Files/Unity/Hub/Editor/2020.3.26f1/Editor/Data/Resources/UnitySubsystems
[Subsystems] Discovering subsystems at path C:/Users/fouil/Documents/Unity Projects/GGJ_2022_Game/Assets
GfxDevice: creating device client; threaded=0
Direct3D:
    Version:  Direct3D 11.0 [level 11.1]
    Renderer: Intel(R) UHD Graphics 630 (ID=0x3e9b)
    Vendor:   
    VRAM:     8117 MB
    Driver:   25.20.100.6519
Initialize mono
Mono path[0] = 'C:/Program Files/Unity/Hub/Editor/2020.3.26f1/Editor/Data/Managed'
Mono path[1] = 'C:/Program Files/Unity/Hub/Editor/2020.3.26f1/Editor/Data/MonoBleedingEdge/lib/mono/unityjit'
Mono config path = 'C:/Program Files/Unity/Hub/Editor/2020.3.26f1/Editor/Data/MonoBleedingEdge/etc'
Using monoOptions --debugger-agent=transport=dt_socket,embedding=1,server=y,suspend=n,address=127.0.0.1:56796
Begin MonoManager ReloadAssembly
Registering precompiled unity dll's ...
Register platform support module: C:/Program Files/Unity/Hub/Editor/2020.3.26f1/Editor/Data/PlaybackEngines/WebGLSupport/UnityEditor.WebGL.Extensions.dll
Register platform support module: C:/Program Files/Unity/Hub/Editor/2020.3.26f1/Editor/Data/PlaybackEngines/WindowsStandaloneSupport/UnityEditor.WindowsStandalone.Extensions.dll
Registered in 0.018382 seconds.
Native extension for WindowsStandalone target not found
Native extension for WebGL target not found
Refreshing native plugins compatible for Editor in 113.80 ms, found 3 plugins.
Preloading 0 native plugins for Editor in 0.00 ms.
Mono: successfully reloaded assembly
- Completed reload, in  2.470 seconds
Domain Reload Profiling:
	ReloadAssembly (2471ms)
		BeginReloadAssembly (219ms)
			ExecutionOrderSort (0ms)
			DisableScriptedObjects (0ms)
			BackupInstance (0ms)
			ReleaseScriptingObjects (0ms)
			CreateAndSetChildDomain (3ms)
		EndReloadAssembly (1889ms)
			LoadAssemblies (208ms)
			RebuildTransferFunctionScriptingTraits (0ms)
			SetupTypeCache (703ms)
			ReleaseScriptCaches (0ms)
			RebuildScriptCaches (101ms)
			SetupLoadedEditorAssemblies (393ms)
				LogAssemblyErrors (0ms)
				InitializePlatformSupportModulesInManaged (8ms)
				SetLoadedEditorAssemblies (1ms)
				RefreshPlugins (114ms)
				BeforeProcessingInitializeOnLoad (44ms)
				ProcessInitializeOnLoadAttributes (156ms)
				ProcessInitializeOnLoadMethodAttributes (70ms)
				AfterProcessingInitializeOnLoad (0ms)
				EditorAssembliesLoaded (0ms)
			ExecutionOrderSort2 (0ms)
			AwakeInstancesAfterBackupRestoration (0ms)
Platform modules already initialized, skipping
Registering precompiled user dll's ...
Registered in 0.031496 seconds.
Begin MonoManager ReloadAssembly
Native extension for WindowsStandalone target not found
Native extension for WebGL target not found
Refreshing native plugins compatible for Editor in 132.90 ms, found 3 plugins.
Preloading 0 native plugins for Editor in 0.00 ms.
Mono: successfully reloaded assembly
- Completed reload, in  4.256 seconds
Domain Reload Profiling:
	ReloadAssembly (4262ms)
		BeginReloadAssembly (805ms)
			ExecutionOrderSort (0ms)
			DisableScriptedObjects (32ms)
			BackupInstance (0ms)
			ReleaseScriptingObjects (0ms)
			CreateAndSetChildDomain (73ms)
		EndReloadAssembly (3270ms)
			LoadAssemblies (562ms)
			RebuildTransferFunctionScriptingTraits (0ms)
			SetupTypeCache (1435ms)
			ReleaseScriptCaches (1ms)
			RebuildScriptCaches (170ms)
			SetupLoadedEditorAssemblies (806ms)
				LogAssemblyErrors (0ms)
				InitializePlatformSupportModulesInManaged (6ms)
				SetLoadedEditorAssemblies (0ms)
				RefreshPlugins (133ms)
				BeforeProcessingInitializeOnLoad (195ms)
				ProcessInitializeOnLoadAttributes (405ms)
				ProcessInitializeOnLoadMethodAttributes (33ms)
				AfterProcessingInitializeOnLoad (33ms)
				EditorAssembliesLoaded (0ms)
			ExecutionOrderSort2 (0ms)
			AwakeInstancesAfterBackupRestoration (25ms)
Platform modules already initialized, skipping
========================================================================
Worker process is ready to serve import requests
Launched and connected shader compiler UnityShaderCompiler.exe after 0.23 seconds
Refreshing native plugins compatible for Editor in 1.51 ms, found 3 plugins.
Preloading 0 native plugins for Editor in 0.00 ms.
Unloading 2348 Unused Serialized files (Serialized files now loaded: 0)
System memory in use before: 101.1 MB.
System memory in use after: 101.2 MB.

Unloading 29 unused Assets to reduce memory usage. Loaded Objects now: 2782.
Total: 10.812500 ms (FindLiveObjects: 1.084000 ms CreateObjectMapping: 0.371300 ms MarkObjects: 9.161900 ms  DeleteObjects: 0.192600 ms)

AssetImportParameters requested are different than current active one (requested -> active):
  custom:framework-win-MediaFoundation: 216162199b28c13a410421893ffa2e32 -> 
  custom:video-decoder-ogg-theora: a1e56fd34408186e4bbccfd4996cb3dc -> 
  custom:container-muxer-webm: aa71ff27fc2769a1b78a27578f13a17b -> 
  custom:container-demuxer-webm: 4f35f7cbe854078d1ac9338744f61a02 -> 
  custom:container-demuxer-ogg: 62fdf1f143b41e24485cea50d1cbac27 -> 
  custom:video-encoder-webm-vp8: eb34c28f22e8b96e1ab97ce403110664 -> 
  custom:video-decoder-webm-vp8: 9c59270c3fd7afecdb556c50c9e8de78 -> 
  custom:audio-decoder-ogg-vorbis: bf7c407c2cedff20999df2af8eb42d56 -> 
  custom:audio-encoder-webm-vorbis: bf7c407c2cedff20999df2af8eb42d56 -> 
========================================================================
Received Import Request.
  path: Assets/Sprites/tilesetbase.png
  artifactKey: Guid(3a7fefa7ecfe4604a8341e64ac0ea386) Importer(815301076,1909f56bfc062723c751e8b465ee728b)
Start importing Assets/Sprites/tilesetbase.png using Guid(3a7fefa7ecfe4604a8341e64ac0ea386) Importer(815301076,1909f56bfc062723c751e8b465ee728b)  -> (artifact id: 'e1a1c6ccde83501a7fb4f39ac9964581') in 0.482169 seconds 
  Import took 0.494886 seconds .

========================================================================
Received Import Request.
  Time since last request: 45.385383 seconds.
  path: Assets/Sprites/tilesetbase.png
  artifactKey: Guid(3a7fefa7ecfe4604a8341e64ac0ea386) Importer(815301076,1909f56bfc062723c751e8b465ee728b)
Start importing Assets/Sprites/tilesetbase.png using Guid(3a7fefa7ecfe4604a8341e64ac0ea386) Importer(815301076,1909f56bfc062723c751e8b465ee728b)  -> (artifact id: '7b5e20cf59e633c89efe0244100fe739') in 0.019205 seconds 
  Import took 0.033863 seconds .

========================================================================
Received Import Request.
  Time since last request: 29.227961 seconds.
  path: Assets/Sprites/tilesetbase.png
  artifactKey: Guid(3a7fefa7ecfe4604a8341e64ac0ea386) Importer(815301076,1909f56bfc062723c751e8b465ee728b)
Start importing Assets/Sprites/tilesetbase.png using Guid(3a7fefa7ecfe4604a8341e64ac0ea386) Importer(815301076,1909f56bfc062723c751e8b465ee728b)  -> (artifact id: 'cb4b20b571d90da4350c246a151b8d4b') in 0.347521 seconds 
  Import took 0.369146 seconds .

========================================================================
Received Import Request.
  Time since last request: 21.383535 seconds.
  path: Assets/Palettes/Ra Template Palette.prefab
  artifactKey: Guid(99cfba271bf86004f917dee9c0ed7081) Importer(815301076,1909f56bfc062723c751e8b465ee728b)
Start importing Assets/Palettes/Ra Template Palette.prefab using Guid(99cfba271bf86004f917dee9c0ed7081) Importer(815301076,1909f56bfc062723c751e8b465ee728b)  -> (artifact id: 'ea965d3246ad383bc11fbcf9c275bd3c') in 0.430737 seconds 
  Import took 0.451667 seconds .

========================================================================
Received Import Request.
  Time since last request: 0.001004 seconds.
  path: Assets/Palettes/Tov Template Palette.prefab
  artifactKey: Guid(65b056ec70836574da8d50105b28fbdb) Importer(815301076,1909f56bfc062723c751e8b465ee728b)
Start importing Assets/Palettes/Tov Template Palette.prefab using Guid(65b056ec70836574da8d50105b28fbdb) Importer(815301076,1909f56bfc062723c751e8b465ee728b)  -> (artifact id: '7dfc1a5b45189c028e75dd0ec4bbf528') in 0.303199 seconds 
  Import took 0.322742 seconds .

========================================================================
Received Import Request.
  Time since last request: 41.859051 seconds.
  path: Assets/Palettes/Template Palette.prefab
  artifactKey: Guid(49f418103451bea49a508b69b83ea421) Importer(815301076,1909f56bfc062723c751e8b465ee728b)
Start importing Assets/Palettes/Template Palette.prefab using Guid(49f418103451bea49a508b69b83ea421) Importer(815301076,1909f56bfc062723c751e8b465ee728b)  -> (artifact id: '11cf1db50e30c03ce9c2e0c839cec280') in 0.038777 seconds 
  Import took 0.047892 seconds .

========================================================================
Received Import Request.
  Time since last request: 138.889453 seconds.
  path: Assets/Tiles/Template Tiles/tilesetbase_0.asset
  artifactKey: Guid(cd8027a211b757e4588abe9584fdcc13) Importer(815301076,1909f56bfc062723c751e8b465ee728b)
Start importing Assets/Tiles/Template Tiles/tilesetbase_0.asset using Guid(cd8027a211b757e4588abe9584fdcc13) Importer(815301076,1909f56bfc062723c751e8b465ee728b)  -> (artifact id: '2b31bf1ab8941295996f2e18b03fb621') in 0.088593 seconds 
  Import took 0.112340 seconds .

========================================================================
Received Import Request.
  Time since last request: 0.000926 seconds.
  path: Assets/Tiles/Template Tiles/tilesetbase_18.asset
  artifactKey: Guid(10feb101d2516e144ba398edfef90ae6) Importer(815301076,1909f56bfc062723c751e8b465ee728b)
Start importing Assets/Tiles/Template Tiles/tilesetbase_18.asset using Guid(10feb101d2516e144ba398edfef90ae6) Importer(815301076,1909f56bfc062723c751e8b465ee728b)  -> (artifact id: 'b12600af0fa43fd5326bdc9db28f7998') in 0.040261 seconds 
  Import took 0.049238 seconds .

========================================================================
Received Import Request.
  Time since last request: 0.000487 seconds.
  path: Assets/Tiles/Template Tiles/tilesetbase_20.asset
  artifactKey: Guid(c477c51c798e9b9438d05cf7682b1c59) Importer(815301076,1909f56bfc062723c751e8b465ee728b)
Start importing Assets/Tiles/Template Tiles/tilesetbase_20.asset using Guid(c477c51c798e9b9438d05cf7682b1c59) Importer(815301076,1909f56bfc062723c751e8b465ee728b)  -> (artifact id: '48bb607488cd1d5b11e949e54d7972a9') in 0.034137 seconds 
  Import took 0.041181 seconds .

========================================================================
Received Import Request.
  Time since last request: 0.000608 seconds.
  path: Assets/Tiles/Template Tiles/tilesetbase_29.asset
  artifactKey: Guid(8416b8168ef65884a9a5e35906dd3ee3) Importer(815301076,1909f56bfc062723c751e8b465ee728b)
Start importing Assets/Tiles/Template Tiles/tilesetbase_29.asset using Guid(8416b8168ef65884a9a5e35906dd3ee3) Importer(815301076,1909f56bfc062723c751e8b465ee728b)  -> (artifact id: '67ec561f1773776526f865bcaf367524') in 0.033482 seconds 
  Import took 0.041468 seconds .

========================================================================
Received Import Request.
  Time since last request: 0.000625 seconds.
  path: Assets/Tiles/Template Tiles/tilesetbase_10.asset
  artifactKey: Guid(a09dbdda03ca2b644b90b06b03cc97ff) Importer(815301076,1909f56bfc062723c751e8b465ee728b)
Start importing Assets/Tiles/Template Tiles/tilesetbase_10.asset using Guid(a09dbdda03ca2b644b90b06b03cc97ff) Importer(815301076,1909f56bfc062723c751e8b465ee728b)  -> (artifact id: '69f4d2d9c4b291a173899588dc13d672') in 0.024190 seconds 
  Import took 0.031117 seconds .

========================================================================
Received Import Request.
  Time since last request: 0.000611 seconds.
  path: Assets/Tiles/Template Tiles/tilesetbase_13.asset
  artifactKey: Guid(cf1a10bf8c17be64b9661ad148d2e468) Importer(815301076,1909f56bfc062723c751e8b465ee728b)
Start importing Assets/Tiles/Template Tiles/tilesetbase_13.asset using Guid(cf1a10bf8c17be64b9661ad148d2e468) Importer(815301076,1909f56bfc062723c751e8b465ee728b)  -> (artifact id: '0ca3504c0abe5af3848a4b90ed6a6009') in 0.033671 seconds 
  Import took 0.042829 seconds .

========================================================================
Received Import Request.
  Time since last request: 0.000638 seconds.
  path: Assets/Tiles/Template Tiles/tilesetbase_14.asset
  artifactKey: Guid(a5c5e170127d20a458202c0a45a9639f) Importer(815301076,1909f56bfc062723c751e8b465ee728b)
Start importing Assets/Tiles/Template Tiles/tilesetbase_14.asset using Guid(a5c5e170127d20a458202c0a45a9639f) Importer(815301076,1909f56bfc062723c751e8b465ee728b)  -> (artifact id: '5ba9304dd1adb96d564bb195a58c12f7') in 0.031947 seconds 
  Import took 0.040524 seconds .

========================================================================
Received Import Request.
  Time since last request: 0.000638 seconds.
  path: Assets/Tiles/Template Tiles/tilesetbase_30.asset
  artifactKey: Guid(a811d3b7909129d4599b04232896c424) Importer(815301076,1909f56bfc062723c751e8b465ee728b)
Start importing Assets/Tiles/Template Tiles/tilesetbase_30.asset using Guid(a811d3b7909129d4599b04232896c424) Importer(815301076,1909f56bfc062723c751e8b465ee728b)  -> (artifact id: '7bed1e850485172b1b706b96cfc6e6bf') in 0.033928 seconds 
  Import took 0.043341 seconds .

========================================================================
Received Import Request.
  Time since last request: 0.000643 seconds.
  path: Assets/Tiles/Template Tiles/tilesetbase_6.asset
  artifactKey: Guid(faafb26f079ef8846a2256cda096e02a) Importer(815301076,1909f56bfc062723c751e8b465ee728b)
Start importing Assets/Tiles/Template Tiles/tilesetbase_6.asset using Guid(faafb26f079ef8846a2256cda096e02a) Importer(815301076,1909f56bfc062723c751e8b465ee728b)  -> (artifact id: 'eed5fc65c9622aa6794fc13234d1af40') in 0.034442 seconds 
  Import took 0.042589 seconds .

========================================================================
Received Import Request.
  Time since last request: 0.000851 seconds.
  path: Assets/Tiles/Template Tiles/tilesetbase_12.asset
  artifactKey: Guid(43bec4662335a644b8c1fe5b0f26623f) Importer(815301076,1909f56bfc062723c751e8b465ee728b)
Start importing Assets/Tiles/Template Tiles/tilesetbase_12.asset using Guid(43bec4662335a644b8c1fe5b0f26623f) Importer(815301076,1909f56bfc062723c751e8b465ee728b)  -> (artifact id: 'b218ed7cc2458c5350f61ada1c6d38c5') in 0.034205 seconds 
  Import took 0.051400 seconds .

========================================================================
Received Import Request.
  Time since last request: 0.000685 seconds.
  path: Assets/Tiles/Template Tiles/tilesetbase_4.asset
  artifactKey: Guid(ef9e7b3e76d3ba446a870fc600bb8ad6) Importer(815301076,1909f56bfc062723c751e8b465ee728b)
Start importing Assets/Tiles/Template Tiles/tilesetbase_4.asset using Guid(ef9e7b3e76d3ba446a870fc600bb8ad6) Importer(815301076,1909f56bfc062723c751e8b465ee728b)  -> (artifact id: '300d7ea834811affa572c8b83ec677cf') in 0.035257 seconds 
  Import took 0.044246 seconds .

========================================================================
Received Import Request.
  Time since last request: 0.000654 seconds.
  path: Assets/Tiles/Template Tiles/tilesetbase_19.asset
  artifactKey: Guid(827e4b3a62b2b1543b924ca6d5468c8b) Importer(815301076,1909f56bfc062723c751e8b465ee728b)
Start importing Assets/Tiles/Template Tiles/tilesetbase_19.asset using Guid(827e4b3a62b2b1543b924ca6d5468c8b) Importer(815301076,1909f56bfc062723c751e8b465ee728b)  -> (artifact id: 'fbc0d6e02fb95d973cdb29580d4cbae0') in 0.036926 seconds 
  Import took 0.046108 seconds .

========================================================================
Received Import Request.
  Time since last request: 0.000571 seconds.
  path: Assets/Tiles/Template Tiles/tilesetbase_22.asset
  artifactKey: Guid(f5fa3130deba64e4daa36ac4529c5511) Importer(815301076,1909f56bfc062723c751e8b465ee728b)
Start importing Assets/Tiles/Template Tiles/tilesetbase_22.asset using Guid(f5fa3130deba64e4daa36ac4529c5511) Importer(815301076,1909f56bfc062723c751e8b465ee728b)  -> (artifact id: '60bb024af4d1b8c7c6dbaecf62552762') in 0.034562 seconds 
  Import took 0.043761 seconds .

========================================================================
Received Import Request.
  Time since last request: 0.000645 seconds.
  path: Assets/Tiles/Template Tiles/tilesetbase_16.asset
  artifactKey: Guid(40a96cf99f7f745469de157262e1a5a0) Importer(815301076,1909f56bfc062723c751e8b465ee728b)
Start importing Assets/Tiles/Template Tiles/tilesetbase_16.asset using Guid(40a96cf99f7f745469de157262e1a5a0) Importer(815301076,1909f56bfc062723c751e8b465ee728b)  -> (artifact id: 'ce4d5a5cf8b44aa40ea27e6c3b1f3dc9') in 0.034035 seconds 
  Import took 0.044489 seconds .

========================================================================
Received Import Request.
  Time since last request: 0.000576 seconds.
  path: Assets/Tiles/Template Tiles/tilesetbase_27.asset
  artifactKey: Guid(f87918dfcb10d7d49af688edb055cd37) Importer(815301076,1909f56bfc062723c751e8b465ee728b)
Start importing Assets/Tiles/Template Tiles/tilesetbase_27.asset using Guid(f87918dfcb10d7d49af688edb055cd37) Importer(815301076,1909f56bfc062723c751e8b465ee728b)  -> (artifact id: 'a0e779caebc636a21ac2d9cc923c62a3') in 0.043582 seconds 
  Import took 0.053075 seconds .

========================================================================
Received Import Request.
  Time since last request: 0.000557 seconds.
  path: Assets/Tiles/Template Tiles/tilesetbase_8.asset
  artifactKey: Guid(f1a630ae768d2fa4d9b8255b3ca055cd) Importer(815301076,1909f56bfc062723c751e8b465ee728b)
Start importing Assets/Tiles/Template Tiles/tilesetbase_8.asset using Guid(f1a630ae768d2fa4d9b8255b3ca055cd) Importer(815301076,1909f56bfc062723c751e8b465ee728b)  -> (artifact id: 'add3602c6ce0b155597c4c7be713e47d') in 0.038025 seconds 
  Import took 0.056662 seconds .

========================================================================
Received Import Request.
  Time since last request: 0.000623 seconds.
  path: Assets/Tiles/Template Tiles/tilesetbase_11.asset
  artifactKey: Guid(8ba5d8bdfaa39174a8177d723ef07ebe) Importer(815301076,1909f56bfc062723c751e8b465ee728b)
Start importing Assets/Tiles/Template Tiles/tilesetbase_11.asset using Guid(8ba5d8bdfaa39174a8177d723ef07ebe) Importer(815301076,1909f56bfc062723c751e8b465ee728b)  -> (artifact id: '948f53b0f232c67ce0955e99f1b9ef2a') in 0.033397 seconds 
  Import took 0.041826 seconds .

========================================================================
Received Import Request.
  Time since last request: 0.000532 seconds.
  path: Assets/Tiles/Template Tiles/tilesetbase_23.asset
  artifactKey: Guid(8bf294dbcde4f6b4dbbc76afcc96e1b8) Importer(815301076,1909f56bfc062723c751e8b465ee728b)
Start importing Assets/Tiles/Template Tiles/tilesetbase_23.asset using Guid(8bf294dbcde4f6b4dbbc76afcc96e1b8) Importer(815301076,1909f56bfc062723c751e8b465ee728b)  -> (artifact id: '121920b98bd030258b0fcefec400f80c') in 0.036161 seconds 
  Import took 0.046169 seconds .

========================================================================
Received Import Request.
  Time since last request: 0.000582 seconds.
  path: Assets/Tiles/Template Tiles/tilesetbase_3.asset
  artifactKey: Guid(94332eb9e9876b143b069b6f9f59d91c) Importer(815301076,1909f56bfc062723c751e8b465ee728b)
Start importing Assets/Tiles/Template Tiles/tilesetbase_3.asset using Guid(94332eb9e9876b143b069b6f9f59d91c) Importer(815301076,1909f56bfc062723c751e8b465ee728b)  -> (artifact id: 'b3a502e0cb67e08e68a4e04309162a26') in 0.035984 seconds 
  Import took 0.045797 seconds .

========================================================================
Received Import Request.
  Time since last request: 0.000586 seconds.
  path: Assets/Tiles/Template Tiles/tilesetbase_1.asset
  artifactKey: Guid(e7bb373097b8de74bb5d84d3851fd49d) Importer(815301076,1909f56bfc062723c751e8b465ee728b)
Start importing Assets/Tiles/Template Tiles/tilesetbase_1.asset using Guid(e7bb373097b8de74bb5d84d3851fd49d) Importer(815301076,1909f56bfc062723c751e8b465ee728b)  -> (artifact id: '8751df3fc7385c0c79d2a815f0eec81c') in 0.033004 seconds 
  Import took 0.043139 seconds .

========================================================================
Received Import Request.
  Time since last request: 0.000635 seconds.
  path: Assets/Tiles/Template Tiles/tilesetbase_28.asset
  artifactKey: Guid(2df27d90221fb5e4495c7aa9d6c7e2ad) Importer(815301076,1909f56bfc062723c751e8b465ee728b)
Start importing Assets/Tiles/Template Tiles/tilesetbase_28.asset using Guid(2df27d90221fb5e4495c7aa9d6c7e2ad) Importer(815301076,1909f56bfc062723c751e8b465ee728b)  -> (artifact id: '87dddae6630c47c1bcfee6e1b650065b') in 0.031324 seconds 
  Import took 0.040605 seconds .

========================================================================
Received Import Request.
  Time since last request: 0.000576 seconds.
  path: Assets/Tiles/Template Tiles/tilesetbase_21.asset
  artifactKey: Guid(f7c698601f066f941aeb05120617267f) Importer(815301076,1909f56bfc062723c751e8b465ee728b)
Start importing Assets/Tiles/Template Tiles/tilesetbase_21.asset using Guid(f7c698601f066f941aeb05120617267f) Importer(815301076,1909f56bfc062723c751e8b465ee728b)  -> (artifact id: '87c3ca4c92c4e1d1e2ce7137022ab799') in 0.035460 seconds 
  Import took 0.044883 seconds .

========================================================================
Received Import Request.
  Time since last request: 0.000589 seconds.
  path: Assets/Tiles/Template Tiles/tilesetbase_7.asset
  artifactKey: Guid(fd24fe3ff11b6344d9df69c041ca1bb8) Importer(815301076,1909f56bfc062723c751e8b465ee728b)
Start importing Assets/Tiles/Template Tiles/tilesetbase_7.asset using Guid(fd24fe3ff11b6344d9df69c041ca1bb8) Importer(815301076,1909f56bfc062723c751e8b465ee728b)  -> (artifact id: '1c8faf8e8180900aeab68781e17e4d0e') in 0.034248 seconds 
  Import took 0.044508 seconds .

========================================================================
Received Import Request.
  Time since last request: 0.000641 seconds.
  path: Assets/Tiles/Template Tiles/tilesetbase_9.asset
  artifactKey: Guid(4be7ec1eca21a2c43b2575db60e5b51c) Importer(815301076,1909f56bfc062723c751e8b465ee728b)
Start importing Assets/Tiles/Template Tiles/tilesetbase_9.asset using Guid(4be7ec1eca21a2c43b2575db60e5b51c) Importer(815301076,1909f56bfc062723c751e8b465ee728b)  -> (artifact id: '46ea0b3a2c7b21c2005f98653aa839e5') in 0.035153 seconds 
  Import took 0.045102 seconds .

========================================================================
Received Import Request.
  Time since last request: 0.000686 seconds.
  path: Assets/Tiles/Template Tiles/tilesetbase_17.asset
  artifactKey: Guid(2fcf836b63c065a46a7c6e1b2d41df09) Importer(815301076,1909f56bfc062723c751e8b465ee728b)
Start importing Assets/Tiles/Template Tiles/tilesetbase_17.asset using Guid(2fcf836b63c065a46a7c6e1b2d41df09) Importer(815301076,1909f56bfc062723c751e8b465ee728b)  -> (artifact id: 'c29baeaa650a75a70a3249d6aa5e84ca') in 0.035659 seconds 
  Import took 0.046310 seconds .

========================================================================
Received Import Request.
  Time since last request: 0.000654 seconds.
  path: Assets/Tiles/Template Tiles/tilesetbase_2.asset
  artifactKey: Guid(8b87a7b97a4494641914654677a6d6b4) Importer(815301076,1909f56bfc062723c751e8b465ee728b)
Start importing Assets/Tiles/Template Tiles/tilesetbase_2.asset using Guid(8b87a7b97a4494641914654677a6d6b4) Importer(815301076,1909f56bfc062723c751e8b465ee728b)  -> (artifact id: 'fe31adc93d97961e8e5c40a07a8a84ad') in 0.034246 seconds 
  Import took 0.041122 seconds .

========================================================================
Received Import Request.
  Time since last request: 0.000288 seconds.
  path: Assets/Tiles/Template Tiles/tilesetbase_15.asset
  artifactKey: Guid(ee8532fe7376f5443aaab5300a2e9beb) Importer(815301076,1909f56bfc062723c751e8b465ee728b)
Start importing Assets/Tiles/Template Tiles/tilesetbase_15.asset using Guid(ee8532fe7376f5443aaab5300a2e9beb) Importer(815301076,1909f56bfc062723c751e8b465ee728b)  -> (artifact id: '24efd788114d39d8ce564684dedbfd2d') in 0.021312 seconds 
  Import took 0.027876 seconds .

========================================================================
Received Import Request.
  Time since last request: 0.000638 seconds.
  path: Assets/Tiles/Template Tiles/tilesetbase_24.asset
  artifactKey: Guid(ad86657ecbed92f4399b4eaa7e6f9f31) Importer(815301076,1909f56bfc062723c751e8b465ee728b)
Start importing Assets/Tiles/Template Tiles/tilesetbase_24.asset using Guid(ad86657ecbed92f4399b4eaa7e6f9f31) Importer(815301076,1909f56bfc062723c751e8b465ee728b)  -> (artifact id: '3ed7b7de17e162cf0e8daa5e91791bf0') in 0.033961 seconds 
  Import took 0.042543 seconds .

========================================================================
Received Import Request.
  Time since last request: 0.000627 seconds.
  path: Assets/Tiles/Template Tiles/tilesetbase_5.asset
  artifactKey: Guid(2d3b0beebdb433045bee71fecc965351) Importer(815301076,1909f56bfc062723c751e8b465ee728b)
Start importing Assets/Tiles/Template Tiles/tilesetbase_5.asset using Guid(2d3b0beebdb433045bee71fecc965351) Importer(815301076,1909f56bfc062723c751e8b465ee728b)  -> (artifact id: '8ecf599c1d3c66ba9a0289fd9b57bd19') in 0.032419 seconds 
  Import took 0.041036 seconds .

========================================================================
Received Import Request.
  Time since last request: 0.000576 seconds.
  path: Assets/Tiles/Template Tiles/tilesetbase_26.asset
  artifactKey: Guid(6d497a32316ae8740902cb00c4a5745f) Importer(815301076,1909f56bfc062723c751e8b465ee728b)
Start importing Assets/Tiles/Template Tiles/tilesetbase_26.asset using Guid(6d497a32316ae8740902cb00c4a5745f) Importer(815301076,1909f56bfc062723c751e8b465ee728b)  -> (artifact id: 'a6210060e2dedd36b24bd8ff92cb5ba9') in 0.032160 seconds 
  Import took 0.040448 seconds .

========================================================================
Received Import Request.
  Time since last request: 0.000609 seconds.
  path: Assets/Tiles/Template Tiles/tilesetbase_25.asset
  artifactKey: Guid(8481d68845a71a0449e900cc827604ad) Importer(815301076,1909f56bfc062723c751e8b465ee728b)
Start importing Assets/Tiles/Template Tiles/tilesetbase_25.asset using Guid(8481d68845a71a0449e900cc827604ad) Importer(815301076,1909f56bfc062723c751e8b465ee728b)  -> (artifact id: '085a0000077de72abcb6cbe65ff6db19') in 0.033975 seconds 
  Import took 0.042583 seconds .

AssetImportWorkerClient::OnTransportError - code=2 error=End of file
